[23:31:05,120] [INFO] CmdHandlerFactory.init --> ==== 完成 Cmd 和 Handler 的关联 ====
[23:31:05,438] [INFO] GameMsgRecognizer.init --> ==== 完成 MsgBody 和 MsgCode 的关联 ====
[23:31:06,091] [INFO] GameMsgRecognizer.init --> 关联 org.tinygame.herostory.msg.GameMsgProtocol$UserDieResult <==> 12
[23:31:06,117] [INFO] GameMsgRecognizer.init --> 关联 org.tinygame.herostory.msg.GameMsgProtocol$UserSubtractHpResult <==> 11
[23:31:06,127] [INFO] GameMsgRecognizer.init --> 关联 org.tinygame.herostory.msg.GameMsgProtocol$UserAttkResult <==> 10
[23:31:06,136] [INFO] GameMsgRecognizer.init --> 关联 org.tinygame.herostory.msg.GameMsgProtocol$UserAttkCmd <==> 9
[23:31:06,206] [INFO] GameMsgRecognizer.init --> 关联 org.tinygame.herostory.msg.GameMsgProtocol$UserStopResult <==> 8
[23:31:06,214] [INFO] GameMsgRecognizer.init --> 关联 org.tinygame.herostory.msg.GameMsgProtocol$UserStopCmd <==> 7
[23:31:06,227] [INFO] GameMsgRecognizer.init --> 关联 org.tinygame.herostory.msg.GameMsgProtocol$UserQuitResult <==> 6
[23:31:06,234] [INFO] GameMsgRecognizer.init --> 关联 org.tinygame.herostory.msg.GameMsgProtocol$UserMoveToResult <==> 5
[23:31:06,242] [INFO] GameMsgRecognizer.init --> 关联 org.tinygame.herostory.msg.GameMsgProtocol$UserMoveToCmd <==> 4
[23:31:06,313] [INFO] GameMsgRecognizer.init --> 关联 org.tinygame.herostory.msg.GameMsgProtocol$WhoElseIsHereResult <==> 3
[23:31:06,321] [INFO] GameMsgRecognizer.init --> 关联 org.tinygame.herostory.msg.GameMsgProtocol$WhoElseIsHereCmd <==> 2
[23:31:06,329] [INFO] GameMsgRecognizer.init --> 关联 org.tinygame.herostory.msg.GameMsgProtocol$UserEntryResult <==> 1
[23:31:06,407] [INFO] GameMsgRecognizer.init --> 关联 org.tinygame.herostory.msg.GameMsgProtocol$UserEntryCmd <==> 0
[23:31:12,865] [INFO] ServerMain.main --> 服务器启动成功!
[23:31:31,612] [INFO] GameMsgHandler.channelRead0 --> 收到客户端消息, msgClazz = org.tinygame.herostory.msg.GameMsgProtocol$UserEntryCmd, msg = userId: 1
heroAvatar: "Hero_Hammer"

[23:31:31,612] [INFO] GameMsgHandler.channelRead0 --> 收到客户端消息, msgClazz = org.tinygame.herostory.msg.GameMsgProtocol$UserEntryCmd, msg = userId: 2
heroAvatar: "Hero_Shaman"

[23:31:31,615] [ERROR] GameMsgHandler.channelRead0 --> 未找到相对应的指令处理器, msgClazz = org.tinygame.herostory.msg.GameMsgProtocol$UserEntryCmd
[23:31:31,617] [ERROR] GameMsgHandler.channelRead0 --> 未找到相对应的指令处理器, msgClazz = org.tinygame.herostory.msg.GameMsgProtocol$UserEntryCmd
[23:31:31,623] [INFO] GameMsgHandler.channelRead0 --> 收到客户端消息, msgClazz = org.tinygame.herostory.msg.GameMsgProtocol$WhoElseIsHereCmd, msg = 
[23:31:31,624] [INFO] GameMsgHandler.channelRead0 --> 收到客户端消息, msgClazz = org.tinygame.herostory.msg.GameMsgProtocol$WhoElseIsHereCmd, msg = 
[23:31:31,625] [ERROR] GameMsgHandler.channelRead0 --> 未找到相对应的指令处理器, msgClazz = org.tinygame.herostory.msg.GameMsgProtocol$WhoElseIsHereCmd
[23:31:31,627] [ERROR] GameMsgHandler.channelRead0 --> 未找到相对应的指令处理器, msgClazz = org.tinygame.herostory.msg.GameMsgProtocol$WhoElseIsHereCmd
[23:31:41,050] [INFO] GameMsgHandler.channelRead0 --> 收到客户端消息, msgClazz = org.tinygame.herostory.msg.GameMsgProtocol$UserAttkCmd, msg = targetUserId: 4294967295

[23:31:41,051] [ERROR] GameMsgHandler.channelRead0 --> 未找到相对应的指令处理器, msgClazz = org.tinygame.herostory.msg.GameMsgProtocol$UserAttkCmd
[23:31:42,066] [INFO] GameMsgHandler.channelRead0 --> 收到客户端消息, msgClazz = org.tinygame.herostory.msg.GameMsgProtocol$UserAttkCmd, msg = targetUserId: 4294967295

[23:31:42,066] [ERROR] GameMsgHandler.channelRead0 --> 未找到相对应的指令处理器, msgClazz = org.tinygame.herostory.msg.GameMsgProtocol$UserAttkCmd
[23:31:45,244] [INFO] GameMsgHandler.channelRead0 --> 收到客户端消息, msgClazz = org.tinygame.herostory.msg.GameMsgProtocol$UserMoveToCmd, msg = moveToPosX: 211.47131
moveToPosY: -51.870323

[23:31:45,244] [ERROR] GameMsgHandler.channelRead0 --> 未找到相对应的指令处理器, msgClazz = org.tinygame.herostory.msg.GameMsgProtocol$UserMoveToCmd
[23:33:10,150] [INFO] CmdHandlerFactory.init --> ==== 完成 Cmd 和 Handler 的关联 ====
[23:33:10,396] [INFO] GameMsgRecognizer.init --> ==== 完成 MsgBody 和 MsgCode 的关联 ====
[23:33:10,655] [INFO] GameMsgRecognizer.init --> 关联 org.tinygame.herostory.msg.GameMsgProtocol$UserDieResult <==> 12
[23:33:10,665] [INFO] GameMsgRecognizer.init --> 关联 org.tinygame.herostory.msg.GameMsgProtocol$UserSubtractHpResult <==> 11
[23:33:10,673] [INFO] GameMsgRecognizer.init --> 关联 org.tinygame.herostory.msg.GameMsgProtocol$UserAttkResult <==> 10
[23:33:10,684] [INFO] GameMsgRecognizer.init --> 关联 org.tinygame.herostory.msg.GameMsgProtocol$UserAttkCmd <==> 9
[23:33:10,701] [INFO] GameMsgRecognizer.init --> 关联 org.tinygame.herostory.msg.GameMsgProtocol$UserStopResult <==> 8
[23:33:10,706] [INFO] GameMsgRecognizer.init --> 关联 org.tinygame.herostory.msg.GameMsgProtocol$UserStopCmd <==> 7
[23:33:10,717] [INFO] GameMsgRecognizer.init --> 关联 org.tinygame.herostory.msg.GameMsgProtocol$UserQuitResult <==> 6
[23:33:10,722] [INFO] GameMsgRecognizer.init --> 关联 org.tinygame.herostory.msg.GameMsgProtocol$UserMoveToResult <==> 5
[23:33:10,738] [INFO] GameMsgRecognizer.init --> 关联 org.tinygame.herostory.msg.GameMsgProtocol$UserMoveToCmd <==> 4
[23:33:10,755] [INFO] GameMsgRecognizer.init --> 关联 org.tinygame.herostory.msg.GameMsgProtocol$WhoElseIsHereResult <==> 3
[23:33:10,763] [INFO] GameMsgRecognizer.init --> 关联 org.tinygame.herostory.msg.GameMsgProtocol$WhoElseIsHereCmd <==> 2
[23:33:10,769] [INFO] GameMsgRecognizer.init --> 关联 org.tinygame.herostory.msg.GameMsgProtocol$UserEntryResult <==> 1
[23:33:10,775] [INFO] GameMsgRecognizer.init --> 关联 org.tinygame.herostory.msg.GameMsgProtocol$UserEntryCmd <==> 0
[23:33:13,174] [INFO] ServerMain.main --> 服务器启动成功!
[23:33:21,333] [INFO] GameMsgHandler.channelRead0 --> 收到客户端消息, msgClazz = org.tinygame.herostory.msg.GameMsgProtocol$UserEntryCmd, msg = userId: 1
heroAvatar: "Hero_Hammer"

[23:33:21,334] [ERROR] GameMsgHandler.channelRead0 --> 未找到相对应的指令处理器, msgClazz = org.tinygame.herostory.msg.GameMsgProtocol$UserEntryCmd
[23:33:21,336] [INFO] GameMsgHandler.channelRead0 --> 收到客户端消息, msgClazz = org.tinygame.herostory.msg.GameMsgProtocol$WhoElseIsHereCmd, msg = 
[23:33:21,337] [ERROR] GameMsgHandler.channelRead0 --> 未找到相对应的指令处理器, msgClazz = org.tinygame.herostory.msg.GameMsgProtocol$WhoElseIsHereCmd
[23:33:31,530] [INFO] GameMsgHandler.channelRead0 --> 收到客户端消息, msgClazz = org.tinygame.herostory.msg.GameMsgProtocol$UserEntryCmd, msg = userId: 2
heroAvatar: "Hero_Shaman"

[23:33:31,532] [ERROR] GameMsgHandler.channelRead0 --> 未找到相对应的指令处理器, msgClazz = org.tinygame.herostory.msg.GameMsgProtocol$UserEntryCmd
[23:33:31,533] [INFO] GameMsgHandler.channelRead0 --> 收到客户端消息, msgClazz = org.tinygame.herostory.msg.GameMsgProtocol$WhoElseIsHereCmd, msg = 
[23:33:31,534] [ERROR] GameMsgHandler.channelRead0 --> 未找到相对应的指令处理器, msgClazz = org.tinygame.herostory.msg.GameMsgProtocol$WhoElseIsHereCmd
[23:33:33,721] [INFO] GameMsgHandler.channelRead0 --> 收到客户端消息, msgClazz = org.tinygame.herostory.msg.GameMsgProtocol$UserMoveToCmd, msg = moveToPosX: -88.57855
moveToPosY: -80.5985

[23:33:33,721] [ERROR] GameMsgHandler.channelRead0 --> 未找到相对应的指令处理器, msgClazz = org.tinygame.herostory.msg.GameMsgProtocol$UserMoveToCmd
[23:33:34,617] [INFO] GameMsgHandler.channelRead0 --> 收到客户端消息, msgClazz = org.tinygame.herostory.msg.GameMsgProtocol$UserMoveToCmd, msg = moveFromPosX: -89.693825
moveFromPosY: -81.138176
moveToPosX: 114.114716
moveToPosY: 3.990025

[23:33:34,617] [ERROR] GameMsgHandler.channelRead0 --> 未找到相对应的指令处理器, msgClazz = org.tinygame.herostory.msg.GameMsgProtocol$UserMoveToCmd
[23:33:34,706] [INFO] GameMsgHandler.channelRead0 --> 收到客户端消息, msgClazz = org.tinygame.herostory.msg.GameMsgProtocol$UserMoveToCmd, msg = moveFromPosX: -76.88474
moveFromPosY: -68.329094
moveToPosX: 114.114716
moveToPosY: 3.990025

[23:33:34,706] [ERROR] GameMsgHandler.channelRead0 --> 未找到相对应的指令处理器, msgClazz = org.tinygame.herostory.msg.GameMsgProtocol$UserMoveToCmd
[23:33:36,196] [INFO] GameMsgHandler.channelRead0 --> 收到客户端消息, msgClazz = org.tinygame.herostory.msg.GameMsgProtocol$UserAttkCmd, msg = targetUserId: 4294967295

[23:33:36,196] [ERROR] GameMsgHandler.channelRead0 --> 未找到相对应的指令处理器, msgClazz = org.tinygame.herostory.msg.GameMsgProtocol$UserAttkCmd
[23:33:36,446] [INFO] GameMsgHandler.channelRead0 --> 收到客户端消息, msgClazz = org.tinygame.herostory.msg.GameMsgProtocol$UserAttkCmd, msg = targetUserId: 4294967295

[23:33:36,446] [ERROR] GameMsgHandler.channelRead0 --> 未找到相对应的指令处理器, msgClazz = org.tinygame.herostory.msg.GameMsgProtocol$UserAttkCmd
[23:33:36,775] [INFO] GameMsgHandler.channelRead0 --> 收到客户端消息, msgClazz = org.tinygame.herostory.msg.GameMsgProtocol$UserAttkCmd, msg = targetUserId: 4294967295

[23:33:36,775] [ERROR] GameMsgHandler.channelRead0 --> 未找到相对应的指令处理器, msgClazz = org.tinygame.herostory.msg.GameMsgProtocol$UserAttkCmd
[23:34:18,492] [INFO] GameMsgHandler.channelRead0 --> 收到客户端消息, msgClazz = org.tinygame.herostory.msg.GameMsgProtocol$UserEntryCmd, msg = userId: 2
heroAvatar: "Hero_Shaman"

[23:34:18,492] [ERROR] GameMsgHandler.channelRead0 --> 未找到相对应的指令处理器, msgClazz = org.tinygame.herostory.msg.GameMsgProtocol$UserEntryCmd
[23:34:18,493] [INFO] GameMsgHandler.channelRead0 --> 收到客户端消息, msgClazz = org.tinygame.herostory.msg.GameMsgProtocol$WhoElseIsHereCmd, msg = 
[23:34:18,494] [ERROR] GameMsgHandler.channelRead0 --> 未找到相对应的指令处理器, msgClazz = org.tinygame.herostory.msg.GameMsgProtocol$WhoElseIsHereCmd
[23:38:53,190] [INFO] CmdHandlerFactory.init --> ==== 完成 Cmd 和 Handler 的关联 ====
[23:38:53,421] [INFO] GameMsgRecognizer.init --> ==== 完成 MsgBody 和 MsgCode 的关联 ====
[23:38:53,697] [INFO] GameMsgRecognizer.init --> 关联 org.tinygame.herostory.msg.GameMsgProtocol$UserDieResult <==> 12
[23:38:53,709] [INFO] GameMsgRecognizer.init --> 关联 org.tinygame.herostory.msg.GameMsgProtocol$UserSubtractHpResult <==> 11
[23:38:53,719] [INFO] GameMsgRecognizer.init --> 关联 org.tinygame.herostory.msg.GameMsgProtocol$UserAttkResult <==> 10
[23:38:53,726] [INFO] GameMsgRecognizer.init --> 关联 org.tinygame.herostory.msg.GameMsgProtocol$UserAttkCmd <==> 9
[23:38:53,739] [INFO] GameMsgRecognizer.init --> 关联 org.tinygame.herostory.msg.GameMsgProtocol$UserStopResult <==> 8
[23:38:53,747] [INFO] GameMsgRecognizer.init --> 关联 org.tinygame.herostory.msg.GameMsgProtocol$UserStopCmd <==> 7
[23:38:53,758] [INFO] GameMsgRecognizer.init --> 关联 org.tinygame.herostory.msg.GameMsgProtocol$UserQuitResult <==> 6
[23:38:53,764] [INFO] GameMsgRecognizer.init --> 关联 org.tinygame.herostory.msg.GameMsgProtocol$UserMoveToResult <==> 5
[23:38:53,776] [INFO] GameMsgRecognizer.init --> 关联 org.tinygame.herostory.msg.GameMsgProtocol$UserMoveToCmd <==> 4
[23:38:53,788] [INFO] GameMsgRecognizer.init --> 关联 org.tinygame.herostory.msg.GameMsgProtocol$WhoElseIsHereResult <==> 3
[23:38:53,793] [INFO] GameMsgRecognizer.init --> 关联 org.tinygame.herostory.msg.GameMsgProtocol$WhoElseIsHereCmd <==> 2
[23:38:53,801] [INFO] GameMsgRecognizer.init --> 关联 org.tinygame.herostory.msg.GameMsgProtocol$UserEntryResult <==> 1
[23:38:53,809] [INFO] GameMsgRecognizer.init --> 关联 org.tinygame.herostory.msg.GameMsgProtocol$UserEntryCmd <==> 0
[23:38:56,366] [INFO] ServerMain.main --> 服务器启动成功!
[23:41:56,078] [INFO] CmdHandlerFactory.init --> ==== 完成 Cmd 和 Handler 的关联 ====
[23:41:56,594] [INFO] CmdHandlerFactory.init --> 关联 org.tinygame.herostory.msg.GameMsgProtocol$WhoElseIsHereCmd <==> org.tinygame.herostory.cmdHandler.WhoElseIsHereCmdHandler
[23:41:56,640] [INFO] CmdHandlerFactory.init --> 关联 org.tinygame.herostory.msg.GameMsgProtocol$UserAttkCmd <==> org.tinygame.herostory.cmdHandler.UserAttkCmdHandler
[23:41:56,658] [INFO] CmdHandlerFactory.init --> 关联 org.tinygame.herostory.msg.GameMsgProtocol$UserEntryCmd <==> org.tinygame.herostory.cmdHandler.UserEntryCmdHandler
[23:41:56,675] [INFO] CmdHandlerFactory.init --> 关联 org.tinygame.herostory.msg.GameMsgProtocol$UserMoveToCmd <==> org.tinygame.herostory.cmdHandler.UserMoveToCmdHandler
[23:41:56,684] [INFO] GameMsgRecognizer.init --> ==== 完成 MsgBody 和 MsgCode 的关联 ====
[23:41:56,927] [INFO] GameMsgRecognizer.init --> 关联 org.tinygame.herostory.msg.GameMsgProtocol$UserDieResult <==> 12
[23:41:56,938] [INFO] GameMsgRecognizer.init --> 关联 org.tinygame.herostory.msg.GameMsgProtocol$UserSubtractHpResult <==> 11
[23:41:56,943] [INFO] GameMsgRecognizer.init --> 关联 org.tinygame.herostory.msg.GameMsgProtocol$UserAttkResult <==> 10
[23:41:56,954] [INFO] GameMsgRecognizer.init --> 关联 org.tinygame.herostory.msg.GameMsgProtocol$UserAttkCmd <==> 9
[23:41:56,961] [INFO] GameMsgRecognizer.init --> 关联 org.tinygame.herostory.msg.GameMsgProtocol$UserStopResult <==> 8
[23:41:56,969] [INFO] GameMsgRecognizer.init --> 关联 org.tinygame.herostory.msg.GameMsgProtocol$UserStopCmd <==> 7
[23:41:56,975] [INFO] GameMsgRecognizer.init --> 关联 org.tinygame.herostory.msg.GameMsgProtocol$UserQuitResult <==> 6
[23:41:56,985] [INFO] GameMsgRecognizer.init --> 关联 org.tinygame.herostory.msg.GameMsgProtocol$UserMoveToResult <==> 5
[23:41:56,994] [INFO] GameMsgRecognizer.init --> 关联 org.tinygame.herostory.msg.GameMsgProtocol$UserMoveToCmd <==> 4
[23:41:57,009] [INFO] GameMsgRecognizer.init --> 关联 org.tinygame.herostory.msg.GameMsgProtocol$WhoElseIsHereResult <==> 3
[23:41:57,020] [INFO] GameMsgRecognizer.init --> 关联 org.tinygame.herostory.msg.GameMsgProtocol$WhoElseIsHereCmd <==> 2
[23:41:57,027] [INFO] GameMsgRecognizer.init --> 关联 org.tinygame.herostory.msg.GameMsgProtocol$UserEntryResult <==> 1
[23:41:57,034] [INFO] GameMsgRecognizer.init --> 关联 org.tinygame.herostory.msg.GameMsgProtocol$UserEntryCmd <==> 0
[23:42:53,045] [INFO] CmdHandlerFactory.init --> ==== 完成 Cmd 和 Handler 的关联 ====
[23:42:53,368] [INFO] CmdHandlerFactory.init --> 关联 org.tinygame.herostory.msg.GameMsgProtocol$UserAttkCmd <==> org.tinygame.herostory.cmdHandler.UserAttkCmdHandler
[23:42:53,376] [INFO] CmdHandlerFactory.init --> 关联 org.tinygame.herostory.msg.GameMsgProtocol$UserEntryCmd <==> org.tinygame.herostory.cmdHandler.UserEntryCmdHandler
[23:42:53,383] [INFO] CmdHandlerFactory.init --> 关联 org.tinygame.herostory.msg.GameMsgProtocol$UserMoveToCmd <==> org.tinygame.herostory.cmdHandler.UserMoveToCmdHandler
[23:42:53,391] [INFO] CmdHandlerFactory.init --> 关联 org.tinygame.herostory.msg.GameMsgProtocol$WhoElseIsHereCmd <==> org.tinygame.herostory.cmdHandler.WhoElseIsHereCmdHandler
[23:42:53,394] [INFO] GameMsgRecognizer.init --> ==== 完成 MsgBody 和 MsgCode 的关联 ====
[23:42:53,566] [INFO] GameMsgRecognizer.init --> 关联 org.tinygame.herostory.msg.GameMsgProtocol$UserDieResult <==> 12
[23:42:53,592] [INFO] GameMsgRecognizer.init --> 关联 org.tinygame.herostory.msg.GameMsgProtocol$UserSubtractHpResult <==> 11
[23:42:53,600] [INFO] GameMsgRecognizer.init --> 关联 org.tinygame.herostory.msg.GameMsgProtocol$UserAttkResult <==> 10
[23:42:53,609] [INFO] GameMsgRecognizer.init --> 关联 org.tinygame.herostory.msg.GameMsgProtocol$UserAttkCmd <==> 9
[23:42:53,621] [INFO] GameMsgRecognizer.init --> 关联 org.tinygame.herostory.msg.GameMsgProtocol$UserStopResult <==> 8
[23:42:53,627] [INFO] GameMsgRecognizer.init --> 关联 org.tinygame.herostory.msg.GameMsgProtocol$UserStopCmd <==> 7
[23:42:53,635] [INFO] GameMsgRecognizer.init --> 关联 org.tinygame.herostory.msg.GameMsgProtocol$UserQuitResult <==> 6
[23:42:53,642] [INFO] GameMsgRecognizer.init --> 关联 org.tinygame.herostory.msg.GameMsgProtocol$UserMoveToResult <==> 5
[23:42:53,655] [INFO] GameMsgRecognizer.init --> 关联 org.tinygame.herostory.msg.GameMsgProtocol$UserMoveToCmd <==> 4
[23:42:53,674] [INFO] GameMsgRecognizer.init --> 关联 org.tinygame.herostory.msg.GameMsgProtocol$WhoElseIsHereResult <==> 3
[23:42:53,690] [INFO] GameMsgRecognizer.init --> 关联 org.tinygame.herostory.msg.GameMsgProtocol$WhoElseIsHereCmd <==> 2
[23:42:53,695] [INFO] GameMsgRecognizer.init --> 关联 org.tinygame.herostory.msg.GameMsgProtocol$UserEntryResult <==> 1
[23:42:53,704] [INFO] GameMsgRecognizer.init --> 关联 org.tinygame.herostory.msg.GameMsgProtocol$UserEntryCmd <==> 0
[23:43:39,115] [INFO] CmdHandlerFactory.init --> ==== 完成 Cmd 和 Handler 的关联 ====
[23:43:39,388] [INFO] CmdHandlerFactory.init --> 关联 org.tinygame.herostory.msg.GameMsgProtocol$UserEntryCmd <==> org.tinygame.herostory.cmdHandler.UserEntryCmdHandler
[23:43:39,418] [INFO] CmdHandlerFactory.init --> 关联 org.tinygame.herostory.msg.GameMsgProtocol$UserMoveToCmd <==> org.tinygame.herostory.cmdHandler.UserMoveToCmdHandler
[23:43:39,446] [INFO] CmdHandlerFactory.init --> 关联 org.tinygame.herostory.msg.GameMsgProtocol$UserAttkCmd <==> org.tinygame.herostory.cmdHandler.UserAttkCmdHandler
[23:43:39,457] [INFO] CmdHandlerFactory.init --> 关联 org.tinygame.herostory.msg.GameMsgProtocol$WhoElseIsHereCmd <==> org.tinygame.herostory.cmdHandler.WhoElseIsHereCmdHandler
[23:43:39,463] [INFO] GameMsgRecognizer.init --> ==== 完成 MsgBody 和 MsgCode 的关联 ====
[23:43:39,635] [INFO] GameMsgRecognizer.init --> 关联 org.tinygame.herostory.msg.GameMsgProtocol$UserDieResult <==> 12
[23:43:39,646] [INFO] GameMsgRecognizer.init --> 关联 org.tinygame.herostory.msg.GameMsgProtocol$UserSubtractHpResult <==> 11
[23:43:39,652] [INFO] GameMsgRecognizer.init --> 关联 org.tinygame.herostory.msg.GameMsgProtocol$UserAttkResult <==> 10
[23:43:39,665] [INFO] GameMsgRecognizer.init --> 关联 org.tinygame.herostory.msg.GameMsgProtocol$UserAttkCmd <==> 9
[23:43:39,679] [INFO] GameMsgRecognizer.init --> 关联 org.tinygame.herostory.msg.GameMsgProtocol$UserStopResult <==> 8
[23:43:39,686] [INFO] GameMsgRecognizer.init --> 关联 org.tinygame.herostory.msg.GameMsgProtocol$UserStopCmd <==> 7
[23:43:39,699] [INFO] GameMsgRecognizer.init --> 关联 org.tinygame.herostory.msg.GameMsgProtocol$UserQuitResult <==> 6
[23:43:39,704] [INFO] GameMsgRecognizer.init --> 关联 org.tinygame.herostory.msg.GameMsgProtocol$UserMoveToResult <==> 5
[23:43:39,715] [INFO] GameMsgRecognizer.init --> 关联 org.tinygame.herostory.msg.GameMsgProtocol$UserMoveToCmd <==> 4
[23:43:39,726] [INFO] GameMsgRecognizer.init --> 关联 org.tinygame.herostory.msg.GameMsgProtocol$WhoElseIsHereResult <==> 3
[23:43:39,735] [INFO] GameMsgRecognizer.init --> 关联 org.tinygame.herostory.msg.GameMsgProtocol$WhoElseIsHereCmd <==> 2
[23:43:39,743] [INFO] GameMsgRecognizer.init --> 关联 org.tinygame.herostory.msg.GameMsgProtocol$UserEntryResult <==> 1
[23:43:39,750] [INFO] GameMsgRecognizer.init --> 关联 org.tinygame.herostory.msg.GameMsgProtocol$UserEntryCmd <==> 0
[23:44:55,299] [INFO] CmdHandlerFactory.init --> ==== 完成 Cmd 和 Handler 的关联 ====
[23:44:55,691] [INFO] CmdHandlerFactory.init --> 关联 org.tinygame.herostory.msg.GameMsgProtocol$UserAttkCmd <==> org.tinygame.herostory.cmdHandler.UserAttkCmdHandler
[23:44:55,698] [INFO] CmdHandlerFactory.init --> 关联 org.tinygame.herostory.msg.GameMsgProtocol$UserEntryCmd <==> org.tinygame.herostory.cmdHandler.UserEntryCmdHandler
[23:44:55,705] [INFO] CmdHandlerFactory.init --> 关联 org.tinygame.herostory.msg.GameMsgProtocol$UserMoveToCmd <==> org.tinygame.herostory.cmdHandler.UserMoveToCmdHandler
[23:44:55,718] [INFO] CmdHandlerFactory.init --> 关联 org.tinygame.herostory.msg.GameMsgProtocol$WhoElseIsHereCmd <==> org.tinygame.herostory.cmdHandler.WhoElseIsHereCmdHandler
[23:44:55,726] [INFO] GameMsgRecognizer.init --> ==== 完成 MsgBody 和 MsgCode 的关联 ====
[23:44:55,952] [INFO] GameMsgRecognizer.init --> 关联 org.tinygame.herostory.msg.GameMsgProtocol$UserDieResult <==> 12
[23:44:55,966] [INFO] GameMsgRecognizer.init --> 关联 org.tinygame.herostory.msg.GameMsgProtocol$UserSubtractHpResult <==> 11
[23:44:55,981] [INFO] GameMsgRecognizer.init --> 关联 org.tinygame.herostory.msg.GameMsgProtocol$UserAttkResult <==> 10
[23:44:55,989] [INFO] GameMsgRecognizer.init --> 关联 org.tinygame.herostory.msg.GameMsgProtocol$UserAttkCmd <==> 9
[23:44:56,001] [INFO] GameMsgRecognizer.init --> 关联 org.tinygame.herostory.msg.GameMsgProtocol$UserStopResult <==> 8
[23:44:56,016] [INFO] GameMsgRecognizer.init --> 关联 org.tinygame.herostory.msg.GameMsgProtocol$UserStopCmd <==> 7
[23:44:56,028] [INFO] GameMsgRecognizer.init --> 关联 org.tinygame.herostory.msg.GameMsgProtocol$UserQuitResult <==> 6
[23:44:56,037] [INFO] GameMsgRecognizer.init --> 关联 org.tinygame.herostory.msg.GameMsgProtocol$UserMoveToResult <==> 5
[23:44:56,044] [INFO] GameMsgRecognizer.init --> 关联 org.tinygame.herostory.msg.GameMsgProtocol$UserMoveToCmd <==> 4
[23:44:56,056] [INFO] GameMsgRecognizer.init --> 关联 org.tinygame.herostory.msg.GameMsgProtocol$WhoElseIsHereResult <==> 3
[23:44:56,070] [INFO] GameMsgRecognizer.init --> 关联 org.tinygame.herostory.msg.GameMsgProtocol$WhoElseIsHereCmd <==> 2
[23:44:56,081] [INFO] GameMsgRecognizer.init --> 关联 org.tinygame.herostory.msg.GameMsgProtocol$UserEntryResult <==> 1
[23:44:56,088] [INFO] GameMsgRecognizer.init --> 关联 org.tinygame.herostory.msg.GameMsgProtocol$UserEntryCmd <==> 0
[23:48:24,686] [INFO] CmdHandlerFactory.init --> ==== 完成 Cmd 和 Handler 的关联 ====
[23:48:25,170] [INFO] CmdHandlerFactory.init --> 关联 org.tinygame.herostory.msg.GameMsgProtocol$UserAttkCmd <==> org.tinygame.herostory.cmdHandler.UserAttkCmdHandler
[23:48:25,170] [INFO] CmdHandlerFactory.init --> 关联 org.tinygame.herostory.msg.GameMsgProtocol$UserEntryCmd <==> org.tinygame.herostory.cmdHandler.UserEntryCmdHandler
[23:48:25,186] [INFO] CmdHandlerFactory.init --> 关联 org.tinygame.herostory.msg.GameMsgProtocol$UserMoveToCmd <==> org.tinygame.herostory.cmdHandler.UserMoveToCmdHandler
[23:48:25,201] [INFO] CmdHandlerFactory.init --> 关联 org.tinygame.herostory.msg.GameMsgProtocol$WhoElseIsHereCmd <==> org.tinygame.herostory.cmdHandler.WhoElseIsHereCmdHandler
[23:48:25,201] [INFO] GameMsgRecognizer.init --> ==== 完成 MsgBody 和 MsgCode 的关联 ====
[23:48:25,318] [INFO] GameMsgRecognizer.init --> 关联 org.tinygame.herostory.msg.GameMsgProtocol$UserDieResult <==> 12
[23:48:25,318] [INFO] GameMsgRecognizer.init --> 关联 org.tinygame.herostory.msg.GameMsgProtocol$UserSubtractHpResult <==> 11
[23:48:25,334] [INFO] GameMsgRecognizer.init --> 关联 org.tinygame.herostory.msg.GameMsgProtocol$UserAttkResult <==> 10
[23:48:25,334] [INFO] GameMsgRecognizer.init --> 关联 org.tinygame.herostory.msg.GameMsgProtocol$UserAttkCmd <==> 9
[23:48:25,334] [INFO] GameMsgRecognizer.init --> 关联 org.tinygame.herostory.msg.GameMsgProtocol$UserStopResult <==> 8
[23:48:25,349] [INFO] GameMsgRecognizer.init --> 关联 org.tinygame.herostory.msg.GameMsgProtocol$UserStopCmd <==> 7
[23:48:25,349] [INFO] GameMsgRecognizer.init --> 关联 org.tinygame.herostory.msg.GameMsgProtocol$UserQuitResult <==> 6
[23:48:25,349] [INFO] GameMsgRecognizer.init --> 关联 org.tinygame.herostory.msg.GameMsgProtocol$UserMoveToResult <==> 5
[23:48:25,365] [INFO] GameMsgRecognizer.init --> 关联 org.tinygame.herostory.msg.GameMsgProtocol$UserMoveToCmd <==> 4
[23:48:25,365] [INFO] GameMsgRecognizer.init --> 关联 org.tinygame.herostory.msg.GameMsgProtocol$WhoElseIsHereResult <==> 3
[23:48:25,396] [INFO] GameMsgRecognizer.init --> 关联 org.tinygame.herostory.msg.GameMsgProtocol$WhoElseIsHereCmd <==> 2
[23:48:25,396] [INFO] GameMsgRecognizer.init --> 关联 org.tinygame.herostory.msg.GameMsgProtocol$UserEntryResult <==> 1
[23:48:25,412] [INFO] GameMsgRecognizer.init --> 关联 org.tinygame.herostory.msg.GameMsgProtocol$UserEntryCmd <==> 0
[23:48:49,395] [INFO] CmdHandlerFactory.init --> ==== 完成 Cmd 和 Handler 的关联 ====
[23:48:49,739] [INFO] CmdHandlerFactory.init --> 关联 org.tinygame.herostory.msg.GameMsgProtocol$UserAttkCmd <==> org.tinygame.herostory.cmdHandler.UserAttkCmdHandler
[23:48:49,739] [INFO] CmdHandlerFactory.init --> 关联 org.tinygame.herostory.msg.GameMsgProtocol$UserEntryCmd <==> org.tinygame.herostory.cmdHandler.UserEntryCmdHandler
[23:48:49,755] [INFO] CmdHandlerFactory.init --> 关联 org.tinygame.herostory.msg.GameMsgProtocol$UserMoveToCmd <==> org.tinygame.herostory.cmdHandler.UserMoveToCmdHandler
[23:48:49,755] [INFO] CmdHandlerFactory.init --> 关联 org.tinygame.herostory.msg.GameMsgProtocol$WhoElseIsHereCmd <==> org.tinygame.herostory.cmdHandler.WhoElseIsHereCmdHandler
[23:48:49,755] [INFO] GameMsgRecognizer.init --> ==== 完成 MsgBody 和 MsgCode 的关联 ====
[23:48:49,895] [INFO] GameMsgRecognizer.init --> 关联 org.tinygame.herostory.msg.GameMsgProtocol$UserDieResult <==> 12
[23:48:49,895] [INFO] GameMsgRecognizer.init --> 关联 org.tinygame.herostory.msg.GameMsgProtocol$UserSubtractHpResult <==> 11
[23:48:49,911] [INFO] GameMsgRecognizer.init --> 关联 org.tinygame.herostory.msg.GameMsgProtocol$UserAttkResult <==> 10
[23:48:49,911] [INFO] GameMsgRecognizer.init --> 关联 org.tinygame.herostory.msg.GameMsgProtocol$UserAttkCmd <==> 9
[23:48:49,911] [INFO] GameMsgRecognizer.init --> 关联 org.tinygame.herostory.msg.GameMsgProtocol$UserStopResult <==> 8
[23:48:49,926] [INFO] GameMsgRecognizer.init --> 关联 org.tinygame.herostory.msg.GameMsgProtocol$UserStopCmd <==> 7
[23:48:49,926] [INFO] GameMsgRecognizer.init --> 关联 org.tinygame.herostory.msg.GameMsgProtocol$UserQuitResult <==> 6
[23:48:49,926] [INFO] GameMsgRecognizer.init --> 关联 org.tinygame.herostory.msg.GameMsgProtocol$UserMoveToResult <==> 5
[23:48:49,942] [INFO] GameMsgRecognizer.init --> 关联 org.tinygame.herostory.msg.GameMsgProtocol$UserMoveToCmd <==> 4
[23:48:49,942] [INFO] GameMsgRecognizer.init --> 关联 org.tinygame.herostory.msg.GameMsgProtocol$WhoElseIsHereResult <==> 3
[23:48:49,973] [INFO] GameMsgRecognizer.init --> 关联 org.tinygame.herostory.msg.GameMsgProtocol$WhoElseIsHereCmd <==> 2
[23:48:49,973] [INFO] GameMsgRecognizer.init --> 关联 org.tinygame.herostory.msg.GameMsgProtocol$UserEntryResult <==> 1
[23:48:49,989] [INFO] GameMsgRecognizer.init --> 关联 org.tinygame.herostory.msg.GameMsgProtocol$UserEntryCmd <==> 0
[23:49:20,880] [INFO] CmdHandlerFactory.init --> ==== 完成 Cmd 和 Handler 的关联 ====
[23:49:21,438] [INFO] CmdHandlerFactory.init --> 关联 org.tinygame.herostory.msg.GameMsgProtocol$UserAttkCmd <==> org.tinygame.herostory.cmdHandler.UserAttkCmdHandler
[23:49:21,443] [INFO] CmdHandlerFactory.init --> 关联 org.tinygame.herostory.msg.GameMsgProtocol$UserEntryCmd <==> org.tinygame.herostory.cmdHandler.UserEntryCmdHandler
[23:49:21,449] [INFO] CmdHandlerFactory.init --> 关联 org.tinygame.herostory.msg.GameMsgProtocol$UserMoveToCmd <==> org.tinygame.herostory.cmdHandler.UserMoveToCmdHandler
[23:49:21,454] [INFO] CmdHandlerFactory.init --> 关联 org.tinygame.herostory.msg.GameMsgProtocol$WhoElseIsHereCmd <==> org.tinygame.herostory.cmdHandler.WhoElseIsHereCmdHandler
[23:49:21,457] [INFO] GameMsgRecognizer.init --> ==== 完成 MsgBody 和 MsgCode 的关联 ====
[23:49:21,743] [INFO] GameMsgRecognizer.init --> 关联 org.tinygame.herostory.msg.GameMsgProtocol$UserDieResult <==> 12
[23:49:21,760] [INFO] GameMsgRecognizer.init --> 关联 org.tinygame.herostory.msg.GameMsgProtocol$UserSubtractHpResult <==> 11
[23:49:21,771] [INFO] GameMsgRecognizer.init --> 关联 org.tinygame.herostory.msg.GameMsgProtocol$UserAttkResult <==> 10
[23:49:21,778] [INFO] GameMsgRecognizer.init --> 关联 org.tinygame.herostory.msg.GameMsgProtocol$UserAttkCmd <==> 9
[23:49:21,785] [INFO] GameMsgRecognizer.init --> 关联 org.tinygame.herostory.msg.GameMsgProtocol$UserStopResult <==> 8
[23:49:21,791] [INFO] GameMsgRecognizer.init --> 关联 org.tinygame.herostory.msg.GameMsgProtocol$UserStopCmd <==> 7
[23:49:21,818] [INFO] GameMsgRecognizer.init --> 关联 org.tinygame.herostory.msg.GameMsgProtocol$UserQuitResult <==> 6
[23:49:21,826] [INFO] GameMsgRecognizer.init --> 关联 org.tinygame.herostory.msg.GameMsgProtocol$UserMoveToResult <==> 5
[23:49:21,835] [INFO] GameMsgRecognizer.init --> 关联 org.tinygame.herostory.msg.GameMsgProtocol$UserMoveToCmd <==> 4
[23:49:21,847] [INFO] GameMsgRecognizer.init --> 关联 org.tinygame.herostory.msg.GameMsgProtocol$WhoElseIsHereResult <==> 3
[23:49:21,885] [INFO] GameMsgRecognizer.init --> 关联 org.tinygame.herostory.msg.GameMsgProtocol$WhoElseIsHereCmd <==> 2
[23:49:21,892] [INFO] GameMsgRecognizer.init --> 关联 org.tinygame.herostory.msg.GameMsgProtocol$UserEntryResult <==> 1
[23:49:21,909] [INFO] GameMsgRecognizer.init --> 关联 org.tinygame.herostory.msg.GameMsgProtocol$UserEntryCmd <==> 0
[23:49:52,725] [INFO] CmdHandlerFactory.init --> ==== 完成 Cmd 和 Handler 的关联 ====
[23:49:53,318] [INFO] CmdHandlerFactory.init --> 关联 org.tinygame.herostory.msg.GameMsgProtocol$UserMoveToCmd <==> org.tinygame.herostory.cmdHandler.UserMoveToCmdHandler
[23:49:53,326] [INFO] CmdHandlerFactory.init --> 关联 org.tinygame.herostory.msg.GameMsgProtocol$WhoElseIsHereCmd <==> org.tinygame.herostory.cmdHandler.WhoElseIsHereCmdHandler
[23:49:53,331] [INFO] CmdHandlerFactory.init --> 关联 org.tinygame.herostory.msg.GameMsgProtocol$UserAttkCmd <==> org.tinygame.herostory.cmdHandler.UserAttkCmdHandler
[23:49:53,336] [INFO] CmdHandlerFactory.init --> 关联 org.tinygame.herostory.msg.GameMsgProtocol$UserEntryCmd <==> org.tinygame.herostory.cmdHandler.UserEntryCmdHandler
[23:49:53,338] [INFO] GameMsgRecognizer.init --> ==== 完成 MsgBody 和 MsgCode 的关联 ====
[23:49:53,804] [INFO] GameMsgRecognizer.init --> 关联 org.tinygame.herostory.msg.GameMsgProtocol$UserDieResult <==> 12
[23:49:53,895] [INFO] GameMsgRecognizer.init --> 关联 org.tinygame.herostory.msg.GameMsgProtocol$UserSubtractHpResult <==> 11
[23:49:53,902] [INFO] GameMsgRecognizer.init --> 关联 org.tinygame.herostory.msg.GameMsgProtocol$UserAttkResult <==> 10
[23:49:53,910] [INFO] GameMsgRecognizer.init --> 关联 org.tinygame.herostory.msg.GameMsgProtocol$UserAttkCmd <==> 9
[23:49:54,026] [INFO] GameMsgRecognizer.init --> 关联 org.tinygame.herostory.msg.GameMsgProtocol$UserStopResult <==> 8
[23:49:54,035] [INFO] GameMsgRecognizer.init --> 关联 org.tinygame.herostory.msg.GameMsgProtocol$UserStopCmd <==> 7
[23:49:54,047] [INFO] GameMsgRecognizer.init --> 关联 org.tinygame.herostory.msg.GameMsgProtocol$UserQuitResult <==> 6
[23:49:54,055] [INFO] GameMsgRecognizer.init --> 关联 org.tinygame.herostory.msg.GameMsgProtocol$UserMoveToResult <==> 5
[23:49:54,217] [INFO] GameMsgRecognizer.init --> 关联 org.tinygame.herostory.msg.GameMsgProtocol$UserMoveToCmd <==> 4
[23:49:54,401] [INFO] GameMsgRecognizer.init --> 关联 org.tinygame.herostory.msg.GameMsgProtocol$WhoElseIsHereResult <==> 3
[23:49:54,516] [INFO] GameMsgRecognizer.init --> 关联 org.tinygame.herostory.msg.GameMsgProtocol$WhoElseIsHereCmd <==> 2
[23:49:54,680] [INFO] GameMsgRecognizer.init --> 关联 org.tinygame.herostory.msg.GameMsgProtocol$UserEntryResult <==> 1
[23:49:54,758] [INFO] GameMsgRecognizer.init --> 关联 org.tinygame.herostory.msg.GameMsgProtocol$UserEntryCmd <==> 0
[23:50:00,320] [INFO] ServerMain.main --> 服务器启动成功!
[23:50:33,958] [INFO] GameMsgHandler.channelRead0 --> 收到客户端消息, msgClazz = org.tinygame.herostory.msg.GameMsgProtocol$UserEntryCmd, msg = userId: 1
heroAvatar: "Hero_Hammer"

[23:50:33,984] [INFO] GameMsgHandler.channelRead0 --> 收到客户端消息, msgClazz = org.tinygame.herostory.msg.GameMsgProtocol$WhoElseIsHereCmd, msg = 
[23:51:00,855] [INFO] GameMsgHandler.channelRead0 --> 收到客户端消息, msgClazz = org.tinygame.herostory.msg.GameMsgProtocol$UserEntryCmd, msg = userId: 1
heroAvatar: "Hero_Hammer"

[23:51:00,858] [INFO] GameMsgHandler.channelRead0 --> 收到客户端消息, msgClazz = org.tinygame.herostory.msg.GameMsgProtocol$WhoElseIsHereCmd, msg = 
[23:51:03,637] [INFO] GameMsgHandler.channelRead0 --> 收到客户端消息, msgClazz = org.tinygame.herostory.msg.GameMsgProtocol$UserMoveToCmd, msg = moveToPosX: 182.74313
moveToPosY: 40.698254

[23:51:04,536] [INFO] GameMsgHandler.channelRead0 --> 收到客户端消息, msgClazz = org.tinygame.herostory.msg.GameMsgProtocol$UserMoveToCmd, msg = moveFromPosX: 117.43846
moveFromPosY: 42.705154
moveToPosX: 201.89526
moveToPosY: -13.566085

[23:51:04,942] [INFO] GameMsgHandler.channelRead0 --> 收到客户端消息, msgClazz = org.tinygame.herostory.msg.GameMsgProtocol$UserMoveToCmd, msg = moveFromPosX: 170.82043
moveFromPosY: -10.676859
moveToPosX: -114.114716
moveToPosY: 2.394015

[23:51:05,811] [INFO] GameMsgHandler.channelRead0 --> 收到客户端消息, msgClazz = org.tinygame.herostory.msg.GameMsgProtocol$UserAttkCmd, msg = targetUserId: 4294967295

[23:51:19,927] [INFO] GameMsgHandler.channelRead0 --> 收到客户端消息, msgClazz = org.tinygame.herostory.msg.GameMsgProtocol$UserEntryCmd, msg = userId: 2
heroAvatar: "Hero_Shaman"

[23:51:19,931] [INFO] GameMsgHandler.channelRead0 --> 收到客户端消息, msgClazz = org.tinygame.herostory.msg.GameMsgProtocol$WhoElseIsHereCmd, msg = 
[23:51:27,155] [INFO] GameMsgHandler.channelRead0 --> 收到客户端消息, msgClazz = org.tinygame.herostory.msg.GameMsgProtocol$UserMoveToCmd, msg = moveToPosX: -399.8005
moveToPosY: -32.718204

[23:51:28,349] [INFO] GameMsgHandler.channelRead0 --> 收到客户端消息, msgClazz = org.tinygame.herostory.msg.GameMsgProtocol$UserAttkCmd, msg = targetUserId: 4294967295

[23:51:34,419] [INFO] GameMsgHandler.channelRead0 --> 收到客户端消息, msgClazz = org.tinygame.herostory.msg.GameMsgProtocol$UserMoveToCmd, msg = moveFromPosX: -153.74477
moveFromPosY: -34.16077
moveToPosX: 23.142143
moveToPosY: -3.990025

[23:51:35,891] [INFO] GameMsgHandler.channelRead0 --> 收到客户端消息, msgClazz = org.tinygame.herostory.msg.GameMsgProtocol$UserAttkCmd, msg = targetUserId: 4294967295

[23:51:37,376] [INFO] GameMsgHandler.channelRead0 --> 收到客户端消息, msgClazz = org.tinygame.herostory.msg.GameMsgProtocol$UserMoveToCmd, msg = moveFromPosX: 23.481356
moveFromPosY: -2.1274903
moveToPosX: -505.13715
moveToPosY: -115.710724

[23:51:38,140] [INFO] GameMsgHandler.channelRead0 --> 收到客户端消息, msgClazz = org.tinygame.herostory.msg.GameMsgProtocol$UserAttkCmd, msg = targetUserId: 1

[23:51:38,142] [INFO] UserAttkCmdHandler.handle --> 当前线程 = nioEventLoopGroup-3-3
[23:51:40,032] [INFO] GameMsgHandler.channelRead0 --> 收到客户端消息, msgClazz = org.tinygame.herostory.msg.GameMsgProtocol$UserAttkCmd, msg = targetUserId: 1

[23:51:40,033] [INFO] UserAttkCmdHandler.handle --> 当前线程 = nioEventLoopGroup-3-3
[23:51:41,512] [INFO] GameMsgHandler.channelRead0 --> 收到客户端消息, msgClazz = org.tinygame.herostory.msg.GameMsgProtocol$UserAttkCmd, msg = targetUserId: 1

[23:51:41,513] [INFO] UserAttkCmdHandler.handle --> 当前线程 = nioEventLoopGroup-3-3
[23:51:45,463] [INFO] GameMsgHandler.channelRead0 --> 收到客户端消息, msgClazz = org.tinygame.herostory.msg.GameMsgProtocol$UserAttkCmd, msg = targetUserId: 1

[23:51:45,465] [INFO] UserAttkCmdHandler.handle --> 当前线程 = nioEventLoopGroup-3-3
[23:51:46,497] [INFO] GameMsgHandler.channelRead0 --> 收到客户端消息, msgClazz = org.tinygame.herostory.msg.GameMsgProtocol$UserMoveToCmd, msg = moveFromPosX: -74.74444
moveFromPosY: -100.353294
moveToPosX: 280.09976
moveToPosY: 42.294266

[23:51:47,238] [INFO] GameMsgHandler.channelRead0 --> 收到客户端消息, msgClazz = org.tinygame.herostory.msg.GameMsgProtocol$UserAttkCmd, msg = targetUserId: 4294967295

[23:51:48,217] [INFO] GameMsgHandler.channelRead0 --> 收到客户端消息, msgClazz = org.tinygame.herostory.msg.GameMsgProtocol$UserAttkCmd, msg = targetUserId: 4294967295

[23:51:50,271] [INFO] GameMsgHandler.channelRead0 --> 收到客户端消息, msgClazz = org.tinygame.herostory.msg.GameMsgProtocol$UserMoveToCmd, msg = moveFromPosX: 19.20666
moveFromPosY: -6.402179
moveToPosX: -369.47632
moveToPosY: -10.374064

[23:51:51,003] [INFO] GameMsgHandler.channelRead0 --> 收到客户端消息, msgClazz = org.tinygame.herostory.msg.GameMsgProtocol$UserAttkCmd, msg = targetUserId: 1

[23:51:51,004] [INFO] UserAttkCmdHandler.handle --> 当前线程 = nioEventLoopGroup-3-3
[23:51:51,811] [INFO] GameMsgHandler.channelRead0 --> 收到客户端消息, msgClazz = org.tinygame.herostory.msg.GameMsgProtocol$UserAttkCmd, msg = targetUserId: 1

[23:51:51,812] [INFO] UserAttkCmdHandler.handle --> 当前线程 = nioEventLoopGroup-3-3
[23:51:52,789] [INFO] GameMsgHandler.channelRead0 --> 收到客户端消息, msgClazz = org.tinygame.herostory.msg.GameMsgProtocol$UserMoveToCmd, msg = moveFromPosX: -74.731125
moveFromPosY: -10.666114
moveToPosX: -369.47632
moveToPosY: -10.374064

[23:51:53,853] [INFO] GameMsgHandler.channelRead0 --> 收到客户端消息, msgClazz = org.tinygame.herostory.msg.GameMsgProtocol$UserAttkCmd, msg = targetUserId: 4294967295

[23:51:54,584] [INFO] GameMsgHandler.channelRead0 --> 收到客户端消息, msgClazz = org.tinygame.herostory.msg.GameMsgProtocol$UserAttkCmd, msg = targetUserId: 4294967295

[23:51:55,613] [INFO] GameMsgHandler.channelRead0 --> 收到客户端消息, msgClazz = org.tinygame.herostory.msg.GameMsgProtocol$UserMoveToCmd, msg = moveFromPosX: -211.38623
moveFromPosY: -8.533762
moveToPosX: -407.78055
moveToPosY: 15.162095

[23:52:01,621] [INFO] GameMsgHandler.channelRead0 --> 收到客户端消息, msgClazz = org.tinygame.herostory.msg.GameMsgProtocol$UserEntryCmd, msg = userId: 1
heroAvatar: "Hero_Hammer"

[23:52:01,626] [INFO] GameMsgHandler.channelRead0 --> 收到客户端消息, msgClazz = org.tinygame.herostory.msg.GameMsgProtocol$WhoElseIsHereCmd, msg = 
[23:52:03,996] [INFO] GameMsgHandler.channelRead0 --> 收到客户端消息, msgClazz = org.tinygame.herostory.msg.GameMsgProtocol$UserMoveToCmd, msg = moveFromPosX: -407.83115
moveFromPosY: 17.092607
moveToPosX: -229.02744
moveToPosY: -34.314213

[23:52:04,805] [INFO] GameMsgHandler.channelRead0 --> 收到客户端消息, msgClazz = org.tinygame.herostory.msg.GameMsgProtocol$UserAttkCmd, msg = targetUserId: 4294967295

[23:52:05,549] [INFO] GameMsgHandler.channelRead0 --> 收到客户端消息, msgClazz = org.tinygame.herostory.msg.GameMsgProtocol$UserAttkCmd, msg = targetUserId: 4294967295

[23:52:07,353] [INFO] GameMsgHandler.channelRead0 --> 收到客户端消息, msgClazz = org.tinygame.herostory.msg.GameMsgProtocol$UserMoveToCmd, msg = moveFromPosX: -305.34113
moveFromPosY: -36.291965
moveToPosX: -157.20699
moveToPosY: -59.850372

[23:52:08,232] [INFO] GameMsgHandler.channelRead0 --> 收到客户端消息, msgClazz = org.tinygame.herostory.msg.GameMsgProtocol$UserAttkCmd, msg = targetUserId: 4294967295

[23:52:10,049] [INFO] GameMsgHandler.channelRead0 --> 收到客户端消息, msgClazz = org.tinygame.herostory.msg.GameMsgProtocol$UserMoveToCmd, msg = moveFromPosX: -192.16864
moveFromPosY: -61.914497
moveToPosX: 35.910225
moveToPosY: -94.96259

[23:52:10,701] [INFO] GameMsgHandler.channelRead0 --> 收到客户端消息, msgClazz = org.tinygame.herostory.msg.GameMsgProtocol$UserAttkCmd, msg = targetUserId: 4294967295

[23:52:11,458] [INFO] GameMsgHandler.channelRead0 --> 收到客户端消息, msgClazz = org.tinygame.herostory.msg.GameMsgProtocol$UserMoveToCmd, msg = moveFromPosX: -108.89573
moveFromPosY: -96.07706
moveToPosX: 169.97507
moveToPosY: -58.254364

[23:52:12,622] [INFO] GameMsgHandler.channelRead0 --> 收到客户端消息, msgClazz = org.tinygame.herostory.msg.GameMsgProtocol$UserAttkCmd, msg = targetUserId: 4294967295

[23:52:15,314] [INFO] GameMsgHandler.channelRead0 --> 收到客户端消息, msgClazz = org.tinygame.herostory.msg.GameMsgProtocol$UserMoveToCmd, msg = moveFromPosX: 40.57461
moveFromPosY: -57.64083
moveToPosX: -399.8005
moveToPosY: -114.114716

[23:52:15,866] [INFO] GameMsgHandler.channelRead0 --> 收到客户端消息, msgClazz = org.tinygame.herostory.msg.GameMsgProtocol$UserMoveToCmd, msg = moveFromPosX: -29.88504
moveFromPosY: -115.2882
moveToPosX: -423.74066
moveToPosY: -109.32668

[23:52:16,779] [INFO] GameMsgHandler.channelRead0 --> 收到客户端消息, msgClazz = org.tinygame.herostory.msg.GameMsgProtocol$UserAttkCmd, msg = targetUserId: 4294967295

[23:52:18,611] [INFO] GameMsgHandler.channelRead0 --> 收到客户端消息, msgClazz = org.tinygame.herostory.msg.GameMsgProtocol$UserMoveToCmd, msg = moveFromPosX: -147.32079
moveFromPosY: -108.88551
moveToPosX: -449.2768
moveToPosY: 69.42644

[23:52:19,237] [INFO] GameMsgHandler.channelRead0 --> 收到客户端消息, msgClazz = org.tinygame.herostory.msg.GameMsgProtocol$UserAttkCmd, msg = targetUserId: 4294967295

[23:52:20,465] [INFO] GameMsgHandler.channelRead0 --> 收到客户端消息, msgClazz = org.tinygame.herostory.msg.GameMsgProtocol$UserMoveToCmd, msg = moveFromPosX: -226.33328
moveFromPosY: -29.873035
moveToPosX: 291.27182
moveToPosY: -42.294266

[23:52:20,969] [INFO] GameMsgHandler.channelRead0 --> 收到客户端消息, msgClazz = org.tinygame.herostory.msg.GameMsgProtocol$UserAttkCmd, msg = targetUserId: 4294967295

[23:52:21,748] [INFO] GameMsgHandler.channelRead0 --> 收到客户端消息, msgClazz = org.tinygame.herostory.msg.GameMsgProtocol$UserMoveToCmd, msg = moveFromPosX: -162.27734
moveFromPosY: -42.67905
moveToPosX: 291.27182
moveToPosY: -42.294266

[23:52:22,217] [INFO] GameMsgHandler.channelRead0 --> 收到客户端消息, msgClazz = org.tinygame.herostory.msg.GameMsgProtocol$UserAttkCmd, msg = targetUserId: 4294967295

[23:52:23,019] [INFO] GameMsgHandler.channelRead0 --> 收到客户端消息, msgClazz = org.tinygame.herostory.msg.GameMsgProtocol$UserMoveToCmd, msg = moveFromPosX: -102.49466
moveFromPosY: -40.54772
moveToPosX: 289.6758
moveToPosY: -42.294266

[23:52:23,487] [INFO] GameMsgHandler.channelRead0 --> 收到客户端消息, msgClazz = org.tinygame.herostory.msg.GameMsgProtocol$UserAttkCmd, msg = targetUserId: 1

[23:52:23,488] [INFO] UserAttkCmdHandler.handle --> 当前线程 = nioEventLoopGroup-3-3
[23:52:24,491] [INFO] GameMsgHandler.channelRead0 --> 收到客户端消息, msgClazz = org.tinygame.herostory.msg.GameMsgProtocol$UserMoveToCmd, msg = moveFromPosX: -42.700752
moveFromPosY: -42.688137
moveToPosX: -318.404
moveToPosY: -94.96259

[23:52:25,476] [INFO] GameMsgHandler.channelRead0 --> 收到客户端消息, msgClazz = org.tinygame.herostory.msg.GameMsgProtocol$UserAttkCmd, msg = targetUserId: 4294967295

[23:53:02,067] [INFO] GameMsgHandler.channelRead0 --> 收到客户端消息, msgClazz = org.tinygame.herostory.msg.GameMsgProtocol$UserMoveToCmd, msg = moveFromPosX: -168.6845
moveFromPosY: -96.06503
moveToPosX: -355.1122
moveToPosY: -26.334164

[23:53:03,430] [INFO] GameMsgHandler.channelRead0 --> 收到客户端消息, msgClazz = org.tinygame.herostory.msg.GameMsgProtocol$UserAttkCmd, msg = targetUserId: 4294967295

[23:53:10,457] [INFO] GameMsgHandler.channelRead0 --> 收到客户端消息, msgClazz = org.tinygame.herostory.msg.GameMsgProtocol$UserAttkCmd, msg = targetUserId: 4294967295

[23:54:23,222] [INFO] GameMsgHandler.channelRead0 --> 收到客户端消息, msgClazz = org.tinygame.herostory.msg.GameMsgProtocol$UserMoveToCmd, msg = moveFromPosX: -343.77612
moveFromPosY: -25.597569
moveToPosX: -181.14714
moveToPosY: -160.399

[23:54:24,066] [INFO] GameMsgHandler.channelRead0 --> 收到客户端消息, msgClazz = org.tinygame.herostory.msg.GameMsgProtocol$UserAttkCmd, msg = targetUserId: 4294967295

[23:54:36,032] [INFO] GameMsgHandler.channelRead0 --> 收到客户端消息, msgClazz = org.tinygame.herostory.msg.GameMsgProtocol$UserMoveToCmd, msg = moveFromPosX: -237.00938
moveFromPosY: -132.36427
moveToPosX: 217.85536
moveToPosY: -139.65088

[23:54:37,395] [INFO] GameMsgHandler.channelRead0 --> 收到客户端消息, msgClazz = org.tinygame.herostory.msg.GameMsgProtocol$UserAttkCmd, msg = targetUserId: 4294967295

